<?xml version="1.0" encoding="UTF-8"?>
<testsuite name="TestDemo" tests="1" skipped="0" failures="0" errors="0" timestamp="2020-10-17T12:54:08" hostname="Kavins-MacBook-Pro.local" time="0.002">
  <properties/>
  <testcase name="sampleTest" classname="TestDemo" time="0.002"/>
  <system-out><![CDATA[]]></system-out>
  <system-err><![CDATA[]]></system-err>
</testsuite>
